  Camera.cpp
  maingame.cpp
C:\Users\user\Documents\2020-2ComputerGraphics\maingame.cpp(46,1): warning C4305: '초기화 중': 'double'에서 'float'(으)로 잘립니다.
C:\Users\user\Documents\2020-2ComputerGraphics\maingame.cpp(136,34): warning C4326: 'main'의 반환 형식이 'int'이어야 하는데 'void'입니다.
  Obj.cpp
C:\Users\user\Documents\2020-2ComputerGraphics\Obj.cpp(26,2): error C2065: 'vec4': 선언되지 않은 식별자입니다.
C:\Users\user\Documents\2020-2ComputerGraphics\Obj.cpp(26,8): error C2065: 'vertex': 선언되지 않은 식별자입니다.
C:\Users\user\Documents\2020-2ComputerGraphics\Obj.cpp(27,2): error C2065: 'vec4': 선언되지 않은 식별자입니다.
C:\Users\user\Documents\2020-2ComputerGraphics\Obj.cpp(27,8): error C2065: 'face': 선언되지 않은 식별자입니다.
C:\Users\user\Documents\2020-2ComputerGraphics\Obj.cpp(30,2): error C2065: 'vertex': 선언되지 않은 식별자입니다.
C:\Users\user\Documents\2020-2ComputerGraphics\Obj.cpp(30,12): error C2065: 'vec4': 선언되지 않은 식별자입니다.
C:\Users\user\Documents\2020-2ComputerGraphics\Obj.cpp(30,17): error C2059: 구문 오류: ')'
C:\Users\user\Documents\2020-2ComputerGraphics\Obj.cpp(31,2): error C2065: 'face': 선언되지 않은 식별자입니다.
C:\Users\user\Documents\2020-2ComputerGraphics\Obj.cpp(31,10): error C2065: 'vec4': 선언되지 않은 식별자입니다.
C:\Users\user\Documents\2020-2ComputerGraphics\Obj.cpp(31,15): error C2059: 구문 오류: ')'
C:\Users\user\Documents\2020-2ComputerGraphics\Obj.cpp(35,25): error C2065: 'bind': 선언되지 않은 식별자입니다.
C:\Users\user\Documents\2020-2ComputerGraphics\Obj.cpp(36,7): error C2065: 'bind': 선언되지 않은 식별자입니다.
C:\Users\user\Documents\2020-2ComputerGraphics\Obj.cpp(36,25): error C2065: 'bind': 선언되지 않은 식별자입니다.
C:\Users\user\Documents\2020-2ComputerGraphics\Obj.cpp(38,6): error C2065: 'vertex': 선언되지 않은 식별자입니다.
C:\Users\user\Documents\2020-2ComputerGraphics\Obj.cpp(38,28): error C2065: 'vertex': 선언되지 않은 식별자입니다.
C:\Users\user\Documents\2020-2ComputerGraphics\Obj.cpp(39,6): error C2065: 'vertex': 선언되지 않은 식별자입니다.
C:\Users\user\Documents\2020-2ComputerGraphics\Obj.cpp(37,20): warning C4473: 'fscanf': 서식 문자열에 대한 인수가 충분하게 전달되지 않았습니다.
C:\Users\user\Documents\2020-2ComputerGraphics\Obj.cpp(37,20): message : 자리 표시자 및 해당 매개 변수에는 variadic 인수가 3개 필요하지만 0개가 제공되었습니다.
C:\Users\user\Documents\2020-2ComputerGraphics\Obj.cpp(37,20): message : 누락된 variadic 인수 1이(가) 서식 문자열 '%f'에 필요합니다.
C:\Users\user\Documents\2020-2ComputerGraphics\Obj.cpp(42,12): error C2065: 'bind': 선언되지 않은 식별자입니다.
C:\Users\user\Documents\2020-2ComputerGraphics\Obj.cpp(42,30): error C2065: 'bind': 선언되지 않은 식별자입니다.
C:\Users\user\Documents\2020-2ComputerGraphics\Obj.cpp(44,6): error C2065: 'face': 선언되지 않은 식별자입니다.
C:\Users\user\Documents\2020-2ComputerGraphics\Obj.cpp(44,26): error C2065: 'face': 선언되지 않은 식별자입니다.
C:\Users\user\Documents\2020-2ComputerGraphics\Obj.cpp(44,46): error C2065: 'face': 선언되지 않은 식별자입니다.
C:\Users\user\Documents\2020-2ComputerGraphics\Obj.cpp(43,20): warning C4473: 'fscanf': 서식 문자열에 대한 인수가 충분하게 전달되지 않았습니다.
C:\Users\user\Documents\2020-2ComputerGraphics\Obj.cpp(43,20): message : 자리 표시자 및 해당 매개 변수에는 variadic 인수가 3개 필요하지만 0개가 제공되었습니다.
C:\Users\user\Documents\2020-2ComputerGraphics\Obj.cpp(43,20): message : 누락된 variadic 인수 1이(가) 서식 문자열 '%f'에 필요합니다.
C:\Users\user\Documents\2020-2ComputerGraphics\Obj.cpp(18,3): error C4996: 'fscanf': This function or variable may be unsafe. Consider using fscanf_s instead. To disable deprecation, use _CRT_SECURE_NO_WARNINGS. See online help for details.
  코드를 생성하고 있습니다...
